number,value,datetime_start,datetime_complete,duration,params_colsample_bytree,params_gamma,params_learning_rate,params_max_depth,params_min_child_weight,params_n_estimators,params_reg_alpha,params_reg_lambda,params_subsample,state
183,0.6598711449288372,2026-05-28 22:05:13.708990,2026-05-28 22:05:17.712950,0 days 00:00:04.003960,0.5099128141492548,0.9346082270345505,0.010658055485751244,6,1,200,0.000397070490513615,0.11719616053195643,0.696783222574496,COMPLETE
184,0.6231892271095101,2026-05-28 22:05:17.713455,2026-05-28 22:05:21.060470,0 days 00:00:03.347015,0.5077363660655159,0.9282764406805128,0.011392545004784375,6,1,200,7.928917713069578,0.11150827569849302,0.683984719148627,COMPLETE
185,0.6577017144022661,2026-05-28 22:05:21.060948,2026-05-28 22:05:24.500543,0 days 00:00:03.439595,0.49417314124935785,0.8847006772370625,0.010163108232668376,6,1,150,0.00040631973508373334,0.14101653320996527,0.7089259015029258,COMPLETE
186,0.6615760568632196,2026-05-28 22:05:24.501037,2026-05-28 22:05:27.079168,0 days 00:00:02.578131,0.5142052667474992,0.9318803496631894,0.011681907644390673,6,1,100,0.00012836328209348384,0.1537076472209598,0.6987889436627627,COMPLETE
187,0.6515729963393215,2026-05-28 22:05:27.079644,2026-05-28 22:05:32.121574,0 days 00:00:05.041930,0.4924420465399539,0.9435763278934225,0.010016759673520335,6,1,250,0.00012552081166815316,0.1569664460571746,0.6920027785076773,COMPLETE
188,0.661252817002197,2026-05-28 22:05:32.122061,2026-05-28 22:05:35.479190,0 days 00:00:03.357129,0.5164899007022885,0.9072180635958682,0.01104169358120363,6,1,150,0.0002143609699104835,0.13328171378000914,0.7047532092143134,COMPLETE
189,0.6324276655628643,2026-05-28 22:05:35.479719,2026-05-28 22:05:43.535172,0 days 00:00:08.055453,0.4700702330983191,0.9084532143272084,0.01108725410550433,6,1,550,0.00046997456163773535,0.13367623000577122,0.6800990688090943,COMPLETE
190,0.6213990062678652,2026-05-28 22:05:43.535665,2026-05-28 22:05:46.377191,0 days 00:00:02.841526,0.5019599748549182,0.8555631870610103,0.011647057099207134,6,9,150,0.0003488906696180661,0.11656509106166264,0.7060913032061199,COMPLETE
191,0.6508181868499004,2026-05-28 22:05:46.377673,2026-05-28 22:05:48.998429,0 days 00:00:02.620756,0.5199568388731305,0.9383488800898802,0.01222613216335226,6,1,100,0.00019775822257380745,0.12522765673634206,0.7178056102102756,COMPLETE
192,0.6548715997065773,2026-05-28 22:05:48.998894,2026-05-28 22:05:52.201161,0 days 00:00:03.202267,0.487697905879602,0.8756782397015643,0.01077455971553947,6,1,150,0.00021840414770404485,0.1456201799955488,0.6978950060252589,COMPLETE
193,0.6598814665232939,2026-05-28 22:05:52.201647,2026-05-28 22:05:54.512948,0 days 00:00:02.311301,0.5167164719258341,0.9028568750433736,0.011698906369424108,6,1,100,0.00015987164547335696,0.16961205155088835,0.7266850558612067,COMPLETE
194,0.665288697498025,2026-05-28 22:05:54.513435,2026-05-28 22:05:56.870027,0 days 00:00:02.356592,0.5319574309379902,0.8987213142558315,0.010904248752225308,6,1,100,0.000160490062969195,0.17380311238856647,0.7286747033571355,COMPLETE
195,0.6545379871004091,2026-05-28 22:05:56.870503,2026-05-28 22:05:59.326298,0 days 00:00:02.455795,0.5772263432209263,0.9146778789802844,0.011756829781355149,6,1,100,0.0002730667767411502,0.17030942612004632,0.7243572323881455,COMPLETE
196,0.6480414707068842,2026-05-28 22:05:59.326769,2026-05-28 22:06:01.595875,0 days 00:00:02.269106,0.5226476011557848,0.9613935617497321,0.011113811935241198,6,1,100,0.00018157549557652508,0.18398002840840044,0.6588416752978082,COMPLETE
197,0.6581853984731978,2026-05-28 22:06:01.596346,2026-05-28 22:06:03.924182,0 days 00:00:02.327836,0.5328850118738264,0.8992363780974003,0.010018002075446298,6,1,100,0.00022665172475571548,0.16809162102389838,0.7380632205982859,COMPLETE
198,0.665562422647384,2026-05-28 22:06:03.924659,2026-05-28 22:06:06.200660,0 days 00:00:02.276001,0.5376340421014744,0.8959366256424816,0.010474208578094722,6,1,100,0.00023067504347408163,0.1672285731991521,0.7411104859298452,COMPLETE
199,0.6551548747301612,2026-05-28 22:06:06.201114,2026-05-28 22:06:08.424494,0 days 00:00:02.223380,0.5427653227466526,0.9049064505568594,0.01004142105752935,6,1,100,0.00033547639638596656,0.20110589793522737,0.7376529005901791,COMPLETE
