number,value,datetime_start,datetime_complete,duration,params_colsample_bytree,params_gamma,params_learning_rate,params_max_depth,params_min_child_weight,params_n_estimators,params_reg_alpha,params_reg_lambda,params_subsample,state
0,0.5986475193008571,2026-05-28 21:53:51.907536,2026-05-28 21:53:58.272538,0 days 00:00:06.365002,0.5853208472882119,0.03200262211501592,0.050392381137601173,6,7,400,0.024422496363982138,2.1379655245467886,0.9577745684995678,COMPLETE
1,0.6047751832678843,2026-05-28 21:53:58.273120,2026-05-28 21:54:02.388106,0 days 00:00:04.114986,0.620897014425694,0.12102513676417459,0.06863719517899619,7,10,250,0.0008890783361027946,0.6581668492126994,0.6367713862587208,COMPLETE
2,0.6043903078480151,2026-05-28 21:54:02.388637,2026-05-28 21:54:05.567958,0 days 00:00:03.179321,0.7725974597187211,0.764649617679038,0.1350865371422697,6,2,350,0.00017007741038251457,0.1321150541818951,0.8724121994395204,COMPLETE
3,0.6115610789007231,2026-05-28 21:54:05.568438,2026-05-28 21:54:15.677969,0 days 00:00:10.109531,0.6685030448321823,0.4096002492889612,0.014522867008060965,7,5,600,0.00036782543285775497,0.4172867639494968,0.9355803722156096,COMPLETE
4,0.5957912600889383,2026-05-28 21:54:15.678489,2026-05-28 21:54:17.404403,0 days 00:00:01.725914,0.7834172344333137,0.48929888103647656,0.07430557569628846,4,9,100,4.4997548025349525,0.7940936594667964,0.5917237413992901,COMPLETE
5,0.6000946279687706,2026-05-28 21:54:17.404860,2026-05-28 21:54:20.576431,0 days 00:00:03.171571,0.9984624304455667,0.020664937147975793,0.02109850430345208,4,8,200,0.00015755651346492075,0.4897075190971305,0.5491684871971194,COMPLETE
6,0.6028278048636895,2026-05-28 21:54:20.576929,2026-05-28 21:54:24.532570,0 days 00:00:03.955641,0.6427420654674474,0.13731651782882126,0.010731627491606962,4,10,300,0.006921524811542226,0.7173394223433402,0.6289654807416716,COMPLETE
7,0.588287697487073,2026-05-28 21:54:24.533208,2026-05-28 21:54:35.205359,0 days 00:00:10.672151,0.9671326239797986,0.7153141798484054,0.01398777938913246,4,3,750,0.10210796995452293,3.41047338344152,0.5440983161791284,COMPLETE
8,0.5937990448438968,2026-05-28 21:54:35.205932,2026-05-28 21:54:47.385260,0 days 00:00:12.179328,0.9068474165150082,0.4605071878205669,0.01295110116794055,8,10,600,0.42344706213160066,7.32421193132449,0.9952444426707945,COMPLETE
9,0.5970088387493031,2026-05-28 21:54:47.385772,2026-05-28 21:54:52.212579,0 days 00:00:04.826807,0.9307286922217073,0.4966970280455405,0.014595020641944694,7,10,250,0.7488618392711902,2.017842060573,0.5275972615784271,COMPLETE
10,0.6210198033192652,2026-05-28 21:54:52.213053,2026-05-28 21:54:57.341832,0 days 00:00:05.128779,0.3601611917329333,0.9950509664900069,0.035351436803375824,10,5,550,0.002608639235770349,0.15634421299123746,0.8280027601348784,COMPLETE
11,0.6193948457827407,2026-05-28 21:54:57.342345,2026-05-28 21:55:03.827252,0 days 00:00:06.484907,0.3511687948494198,0.9313349504735522,0.03098418569983564,10,5,550,0.0026873844263798053,0.18263753582053469,0.831142925400104,COMPLETE
12,0.6142372187910856,2026-05-28 21:55:03.827748,2026-05-28 21:55:09.199493,0 days 00:00:05.371745,0.39327493150481524,0.9981175737864242,0.03261140654515514,10,5,550,0.003563653153296882,0.11183339586837376,0.7912891166600023,COMPLETE
13,0.616053885226616,2026-05-28 21:55:09.200127,2026-05-28 21:55:15.089096,0 days 00:00:05.888969,0.30042574043509146,0.9974902286043292,0.03181014885272595,10,4,750,0.0019295530892991688,0.2259534747532261,0.7624858307760368,COMPLETE
14,0.6008154512753512,2026-05-28 21:55:15.089666,2026-05-28 21:55:18.064402,0 days 00:00:02.974736,0.44281202375311685,0.8124458965209637,0.2727262944031816,9,7,500,0.02021730770345718,0.24640194079352448,0.8353389037254776,COMPLETE
15,0.6137011943398456,2026-05-28 21:55:18.064962,2026-05-28 21:55:24.454892,0 days 00:00:06.389930,0.47977030998345577,0.868210674750999,0.035206289118114895,9,6,650,0.005532853029700551,0.23061668714862193,0.7208515418816976,COMPLETE
16,0.6214121047938618,2026-05-28 21:55:24.455476,2026-05-28 21:55:31.190347,0 days 00:00:06.734871,0.3046365981984067,0.6664500801657388,0.023173003865881055,9,3,450,0.0013959535552870216,0.15572980433321632,0.6929253750529563,COMPLETE
17,0.6357875577339576,2026-05-28 21:55:31.190920,2026-05-28 21:55:38.208128,0 days 00:00:07.017208,0.5079364299876122,0.6600368904864379,0.023081216989798252,9,1,400,0.0006396371765085665,0.3387570600642766,0.7010627989077397,COMPLETE
18,0.6324103414964165,2026-05-28 21:55:38.208579,2026-05-28 21:55:45.084950,0 days 00:00:06.876371,0.5008209661270606,0.6195075722432204,0.0225038626840222,8,1,450,0.0007477490214720674,0.3385603543170166,0.7030019668932452,COMPLETE
19,0.6310072668878739,2026-05-28 21:55:45.085447,2026-05-28 21:55:52.460231,0 days 00:00:07.374784,0.5179876375141517,0.6249124389467536,0.021229291599145883,8,1,400,0.00048511565568881275,1.2120131744518878,0.6997061057456428,COMPLETE
20,0.6185159643415781,2026-05-28 21:55:52.460750,2026-05-28 21:55:56.181233,0 days 00:00:03.720483,0.5489823955979012,0.3716362172124786,0.052911129493468864,8,1,150,0.0001068169509218472,0.3710090732887114,0.6707746534377467,COMPLETE
21,0.6199814615800036,2026-05-28 21:55:56.181724,2026-05-28 21:56:03.850941,0 days 00:00:07.669217,0.5035885354311299,0.5940340031195912,0.020896451759421297,8,1,400,0.0005711193464265719,1.379193229417344,0.7283775738122851,COMPLETE
22,0.6236806633108543,2026-05-28 21:56:03.851455,2026-05-28 21:56:12.124084,0 days 00:00:08.272629,0.5224840895971716,0.576438303426421,0.019710774045351574,8,2,450,0.0004804350073726849,1.3525131542380902,0.6670189376765885,COMPLETE
23,0.6335487899066672,2026-05-28 21:56:12.124682,2026-05-28 21:56:18.567509,0 days 00:00:06.442827,0.41784468528255336,0.6309926616313528,0.024753991139615607,9,1,350,0.013287231056452941,0.3365292954835855,0.7678183009911781,COMPLETE
24,0.6182902680006248,2026-05-28 21:56:18.568014,2026-05-28 21:56:23.766892,0 days 00:00:05.198878,0.41686236633403084,0.3030831716922317,0.04571867901775736,9,2,300,0.08976354033136383,0.30077483376603975,0.7725771751224696,COMPLETE
25,0.6388333913884907,2026-05-28 21:56:23.767384,2026-05-28 21:56:27.126126,0 days 00:00:03.358742,0.4553586038495447,0.7181366431088736,0.10757039774045213,9,3,350,0.009080394387267649,0.559869061909752,0.7442218811157645,COMPLETE
26,0.6245817422552524,2026-05-28 21:56:27.126639,2026-05-28 21:56:30.323499,0 days 00:00:03.196860,0.44549806711273043,0.7173132692434896,0.09400818920953757,9,3,350,0.015782750876747426,0.6008219162560534,0.7987122165931868,COMPLETE
27,0.6199022739109386,2026-05-28 21:56:30.323968,2026-05-28 21:56:32.700849,0 days 00:00:02.376881,0.5749767213200458,0.8521139602876009,0.14576966310628348,5,2,300,0.10638535256329577,0.950811513563145,0.8904356653221243,COMPLETE
28,0.5974234046751601,2026-05-28 21:56:32.701323,2026-05-28 21:56:34.670083,0 days 00:00:01.968760,0.375571411781243,0.7607499929180613,0.11911094995683405,3,4,200,0.04994363964642304,0.49859917556959543,0.7442087920067824,COMPLETE
29,0.5961827970890752,2026-05-28 21:56:34.670587,2026-05-28 21:56:38.254427,0 days 00:00:03.583840,0.7029521492181988,0.5436868102848704,0.19000359744493478,6,3,350,0.009866121308407493,2.810515086101868,0.6057262100094786,COMPLETE
30,0.6210826682962285,2026-05-28 21:56:38.254920,2026-05-28 21:56:42.964724,0 days 00:00:04.709804,0.5881600265572662,0.6831846007586542,0.043190354166958905,9,4,400,0.3084361367241468,0.29258512702935946,0.7974778825980007,COMPLETE
31,0.628399263048274,2026-05-28 21:56:42.965184,2026-05-28 21:56:49.723982,0 days 00:00:06.758798,0.46638130259192834,0.63465021512257,0.02488484267157326,8,1,500,0.001201328039547156,0.36793408943871725,0.7111502428824623,COMPLETE
32,0.612349299127559,2026-05-28 21:56:49.724482,2026-05-28 21:56:54.317394,0 days 00:00:04.592912,0.4253964001185681,0.5551165888056425,0.06671433878956802,7,1,450,0.027758555115815226,0.5340115163927923,0.6579303581310321,COMPLETE
33,0.6103234608048531,2026-05-28 21:56:54.317873,2026-05-28 21:56:57.937617,0 days 00:00:03.619744,0.5680894645564384,0.773753361404765,0.09077463556951396,9,2,400,0.0002270717907236876,0.3099799757270591,0.7599398820745004,COMPLETE
34,0.638578812823904,2026-05-28 21:56:57.938101,2026-05-28 21:57:04.336538,0 days 00:00:06.398437,0.4912086680360787,0.6767168791601751,0.01637016997028166,10,1,250,0.010544567718144522,0.38451147289287124,0.6851298162000706,COMPLETE
35,0.6229813302174327,2026-05-28 21:57:04.337014,2026-05-28 21:57:09.964147,0 days 00:00:05.627133,0.6213439266839369,0.7205755801544214,0.027155565727281613,10,2,250,0.014235835865706915,0.8677917408848944,0.631859430249706,COMPLETE
36,0.6211339848977118,2026-05-28 21:57:09.964633,2026-05-28 21:57:15.545432,0 days 00:00:05.580799,0.7135879580714798,0.4312331780000926,0.01748535991575344,10,3,200,0.04287895811587605,0.6674713709274314,0.5840039078662159,COMPLETE
37,0.6447852916679294,2026-05-28 21:57:15.545926,2026-05-28 21:57:19.554546,0 days 00:00:04.008620,0.5396333624432301,0.3186229562919164,0.010200373261558569,10,1,100,0.004120323464739857,0.4571134935593057,0.8714509660002907,COMPLETE
38,0.6330903963530146,2026-05-28 21:57:19.555009,2026-05-28 21:57:25.107111,0 days 00:00:05.552102,0.6082847446702506,0.22042786510889417,0.010047060774093357,10,2,150,0.005215995342007429,0.4504533939793851,0.9124501537649639,COMPLETE
39,0.621910119440889,2026-05-28 21:57:25.107637,2026-05-28 21:57:28.798500,0 days 00:00:03.690863,0.5302000964585418,0.3701843807768518,0.011887959997719843,10,3,150,5.142135497225118,0.7382806159644705,0.8643806883665507,COMPLETE
40,0.637707619916146,2026-05-28 21:57:28.799038,2026-05-28 21:57:31.386995,0 days 00:00:02.587957,0.6726072631228516,0.24051553924968422,0.016095185046825666,6,1,100,0.0066611725376877085,0.43585541712718406,0.9340798432012286,COMPLETE
41,0.6310851053195518,2026-05-28 21:57:31.387517,2026-05-28 21:57:34.208847,0 days 00:00:02.821330,0.7762208775118999,0.10271592565301324,0.016647917245068315,6,1,100,0.006328482395082755,0.4818936502368858,0.9724688542326694,COMPLETE
42,0.6404294393503376,2026-05-28 21:57:34.209379,2026-05-28 21:57:36.226242,0 days 00:00:02.016863,0.6808864660175228,0.20147014414319772,0.016729894976306475,5,2,100,0.003923895085970076,0.616498130450049,0.9166261763977559,COMPLETE
43,0.641168705502652,2026-05-28 21:57:36.226730,2026-05-28 21:57:38.409196,0 days 00:00:02.182466,0.6665835871182783,0.21784835513804085,0.015904823437808347,5,2,100,0.009000060960909126,1.0117123105555166,0.9382790431034047,COMPLETE
44,0.6266931849908437,2026-05-28 21:57:38.409653,2026-05-28 21:57:40.614474,0 days 00:00:02.204821,0.8342615082418644,0.1671875127634902,0.013647731445760293,5,2,100,0.003577390614286431,1.0810143812716304,0.9613409817826299,COMPLETE
45,0.6405949161503044,2026-05-28 21:57:40.614926,2026-05-28 21:57:43.519045,0 days 00:00:02.904119,0.7435980538602374,0.07913110759089975,0.01176200092736866,5,4,150,0.009267992056978243,1.7642281289149961,0.9334514496330215,COMPLETE
46,0.6428139787343348,2026-05-28 21:57:43.519566,2026-05-28 21:57:46.416868,0 days 00:00:02.897302,0.7321446814888142,0.08537875446019208,0.011425823631441847,5,4,150,0.0015723723389679627,1.7204554785954018,0.9278757432612242,COMPLETE
47,0.6376792790171683,2026-05-28 21:57:46.417387,2026-05-28 21:57:49.495517,0 days 00:00:03.078130,0.8195983081978095,0.00015711348814476112,0.011631718678773913,5,4,150,0.0016304262132056607,1.748953095111154,0.9989372203707874,COMPLETE
48,0.6158567499970573,2026-05-28 21:57:49.495972,2026-05-28 21:57:51.645222,0 days 00:00:02.149250,0.7261799793437627,0.08209501517980317,0.012109516866589056,5,6,100,0.0032571866685092562,4.899510577648888,0.9332373656187608,COMPLETE
49,0.6266101331274898,2026-05-28 21:57:51.645708,2026-05-28 21:57:54.572039,0 days 00:00:02.926331,0.6644648252886061,0.06390851024604817,0.010008719931631105,4,4,200,0.0024839608165375063,2.759973357599769,0.9054331079087611,COMPLETE
50,0.6229725830859635,2026-05-28 21:57:54.572496,2026-05-28 21:57:56.824882,0 days 00:00:02.252386,0.7478460324102008,0.1591022812799941,0.014180289414383684,4,7,150,0.000988460691861116,1.946957791599496,0.868982369541454,COMPLETE
51,0.6386669661596416,2026-05-28 21:57:56.825340,2026-05-28 21:58:00.522905,0 days 00:00:03.697565,0.830215548352011,0.24002310442988137,0.018232254539748985,5,3,200,0.008706580396235338,1.7675649002039815,0.9760347268953438,COMPLETE
52,0.6386143409151215,2026-05-28 21:58:00.523524,2026-05-28 21:58:02.807621,0 days 00:00:02.284097,0.6884807366442335,0.2965517774781906,0.011702455525806375,6,4,100,0.0042080941200596566,1.5824477494865898,0.9438339438454552,COMPLETE
53,0.5950235544412932,2026-05-28 21:58:02.808101,2026-05-28 21:58:10.375891,0 days 00:00:07.567790,0.62983710232554,0.062111537833156705,0.014164588920095537,3,5,800,0.025426624782162184,2.4818889469339984,0.850897797505365,COMPLETE
54,0.6338901909734618,2026-05-28 21:58:10.376512,2026-05-28 21:58:13.540565,0 days 00:00:03.164053,0.7467332351076049,0.13451686470467233,0.01338339793109619,5,3,150,0.002085182096860652,4.2810959789932665,0.91221775071931,COMPLETE
55,0.6345145168634079,2026-05-28 21:58:13.541041,2026-05-28 21:58:17.403063,0 days 00:00:03.862022,0.7980031505429315,0.19481673676581365,0.010822166560034584,5,3,200,0.04198609221316079,1.0745209747754918,0.9045589895122673,COMPLETE
56,0.6105700952318931,2026-05-28 21:58:17.403524,2026-05-28 21:58:19.339887,0 days 00:00:01.936363,0.8660981431712043,0.2701731081743117,0.06350915250301956,4,6,100,0.019168433508274338,0.8242738499974033,0.8910801220416018,COMPLETE
57,0.5982544043384372,2026-05-28 21:58:19.340391,2026-05-28 21:58:23.113195,0 days 00:00:03.772804,0.6541093993272287,0.045634644270172796,0.17941424854433774,6,4,250,0.004545939972763498,0.6181607683594367,0.9564983684177925,COMPLETE
58,0.6251099986390045,2026-05-28 21:58:23.113654,2026-05-28 21:58:26.677660,0 days 00:00:03.564006,0.7417928269779469,0.1099649566949551,0.012825341262162906,7,9,150,0.008438444109318946,1.4315744848719971,0.8168992219666875,COMPLETE
59,0.6197125182397647,2026-05-28 21:58:26.678097,2026-05-28 21:58:31.305828,0 days 00:00:04.627731,0.6893655903310171,0.32481224766507827,0.01552312097090632,4,2,300,0.0015557898714825583,2.2130364059867476,0.8856778393863898,COMPLETE
60,0.6359989740891028,2026-05-28 21:58:31.306340,2026-05-28 21:58:33.486089,0 days 00:00:02.179749,0.6399764482699369,0.18468279008260952,0.019892492969467393,5,5,100,2.9215761364733077,1.1710344335851497,0.925233170776948,COMPLETE
61,0.6394293796436139,2026-05-28 21:58:33.486553,2026-05-28 21:58:37.334286,0 days 00:00:03.847733,0.842496375410027,0.2014302353479435,0.018039035677556853,5,3,200,0.009159330685376334,1.6537419912601201,0.9719604903970159,COMPLETE
62,0.6416533674474976,2026-05-28 21:58:37.334768,2026-05-28 21:58:40.628209,0 days 00:00:03.293441,0.8807619901451909,0.14038556607277752,0.018401799145944274,5,3,150,0.002959592776104297,0.9380507500256643,0.9584100174131981,COMPLETE
63,0.644459640130593,2026-05-28 21:58:40.628949,2026-05-28 21:58:43.934079,0 days 00:00:03.305130,0.9122465443846605,0.13509197965849012,0.01946949523099039,5,2,150,0.002488944880000351,0.9230791462878561,0.9809377396258027,COMPLETE
64,0.6261832491915797,2026-05-28 21:58:43.934841,2026-05-28 21:58:47.901906,0 days 00:00:03.967065,0.9581510292935395,0.13895086071071613,0.028728833367818635,6,2,150,0.00033833141208843476,0.9043913671483864,0.9494934114258665,COMPLETE
65,0.6227403621752639,2026-05-28 21:58:47.902561,2026-05-28 21:58:50.009069,0 days 00:00:02.106508,0.8892995489826779,0.015356834066437591,0.0150930413539121,4,2,100,0.0009603191379640194,0.7090900323237909,0.9850317703610666,COMPLETE
66,0.6371412550385749,2026-05-28 21:58:50.009542,2026-05-28 21:58:53.105895,0 days 00:00:03.096353,0.8999752243448469,0.08904688284584872,0.01904170674136886,5,2,150,0.0026602645795956582,1.3013529216988398,0.9556779521582504,COMPLETE
67,0.6244339277591866,2026-05-28 21:58:53.106399,2026-05-28 21:58:58.056906,0 days 00:00:04.950507,0.9318020926717908,0.15819378666087358,0.010817643701461354,6,4,200,0.0015935488581704012,0.9439493283381502,0.9266706218127766,COMPLETE
68,0.6032328353609295,2026-05-28 21:58:58.057613,2026-05-28 21:59:02.311536,0 days 00:00:04.253923,0.9783875177556687,0.12400528086200435,0.038585965799571686,5,5,250,0.005270717792602939,0.7497205245118316,0.5043718958566326,COMPLETE
69,0.6325048126805888,2026-05-28 21:59:02.312118,2026-05-28 21:59:04.107262,0 days 00:00:01.795144,0.7942970770977977,0.26618844570909217,0.0131208742492074,4,2,100,0.0008226182279599182,1.1736551216481774,0.9887781237131064,COMPLETE
70,0.6305512160566886,2026-05-28 21:59:04.107850,2026-05-28 21:59:06.982414,0 days 00:00:02.874564,0.7657138650076152,0.04100877751634865,0.022973652938948198,5,3,150,0.0031244982341391767,1.036136281386651,0.8828469135825443,COMPLETE
71,0.6337987352709953,2026-05-28 21:59:06.982888,2026-05-28 21:59:10.862883,0 days 00:00:03.879995,0.8573470647337225,0.20906025342375947,0.01852133333675951,5,3,200,0.012350011858664993,1.4484860003176354,0.9655424033610019,COMPLETE
72,0.6294659403388123,2026-05-28 21:59:10.863890,2026-05-28 21:59:13.811609,0 days 00:00:02.947719,0.8630766660853776,0.33167696949565406,0.01543103463228531,5,3,150,0.007630182595574523,3.4254905733258654,0.9422089275647147,COMPLETE
73,0.6285096317595771,2026-05-28 21:59:13.812362,2026-05-28 21:59:16.788292,0 days 00:00:02.975930,0.9239419247974243,0.1842694705703702,0.021018648071713553,7,4,100,0.002014507605957942,1.715702376373067,0.9782826794612381,COMPLETE
74,0.6328862876463037,2026-05-28 21:59:16.788904,2026-05-28 21:59:20.531041,0 days 00:00:03.742137,0.6087027700500091,0.23602784568012145,0.017312139397938502,5,2,200,0.0042159213744432916,2.0827878115065106,0.9208086128017897,COMPLETE
75,0.6305622231561998,2026-05-28 21:59:20.532001,2026-05-28 21:59:24.464705,0 days 00:00:03.932704,0.8876724928125515,0.2667649670586316,0.012630264733487679,6,1,150,0.014251397114393308,0.6285537607295435,0.9961034548398744,COMPLETE
76,0.6308518892387465,2026-05-28 21:59:24.465173,2026-05-28 21:59:26.126926,0 days 00:00:01.661753,0.8097950510599305,0.13909661630596326,0.011025538583022248,4,3,100,0.0012378788016976026,0.8123386733456179,0.8515619904576293,COMPLETE
77,0.624399391401675,2026-05-28 21:59:26.127407,2026-05-28 21:59:30.902900,0 days 00:00:04.775493,0.9369060091714634,0.09480110636647684,0.027936739308608828,5,1,250,0.0218215387311006,1.5404466623954074,0.8999791489657102,COMPLETE
78,0.6098012725210813,2026-05-28 21:59:30.903393,2026-05-28 21:59:33.337017,0 days 00:00:02.433624,0.7205486210997574,0.21407974685760303,0.024738351774630966,3,3,200,0.07828981359385026,1.2243762083490677,0.9649525607188204,COMPLETE
79,0.6413937596474735,2026-05-28 21:59:33.337506,2026-05-28 21:59:36.269913,0 days 00:00:02.932407,0.692529366020921,0.37420276544788716,0.01455552108599358,5,2,150,0.006469151456249859,0.5442659249045871,0.9425750110147145,COMPLETE
80,0.6158863963274284,2026-05-28 21:59:36.270423,2026-05-28 21:59:46.662769,0 days 00:00:10.392346,0.680484859891348,0.4686924712870057,0.014696034347735901,6,2,650,0.0064812284264373025,0.5404935166089446,0.9441543705920548,COMPLETE
81,0.6424686900496615,2026-05-28 21:59:46.663607,2026-05-28 21:59:49.700397,0 days 00:00:03.036790,0.7031975596720013,0.3879960091912634,0.017007159865390427,5,2,150,0.0024733595468359936,0.40423791288987876,0.9208517772101454,COMPLETE
82,0.640986495749903,2026-05-28 21:59:49.701034,2026-05-28 21:59:53.032488,0 days 00:00:03.331454,0.6975721824452605,0.38381299107679634,0.01646778931334061,5,1,150,0.0022490574194425463,0.2758905793210975,0.9191532945775245,COMPLETE
83,0.6464641479620195,2026-05-28 21:59:53.033487,2026-05-28 21:59:55.995382,0 days 00:00:02.961895,0.702719351920435,0.4094544578225061,0.010093599387150546,5,1,150,0.0021882713980542166,0.3654318394954666,0.9315698036260032,COMPLETE
84,0.6403192582060333,2026-05-28 21:59:55.996055,2026-05-28 21:59:58.456359,0 days 00:00:02.460304,0.7063589803923508,0.3899262831417811,0.013828122745453279,4,1,150,0.0006615028924713886,0.18754653528069468,0.951137500076731,COMPLETE
85,0.6379726765046216,2026-05-28 21:59:58.456851,2026-05-28 22:00:01.582426,0 days 00:00:03.125575,0.6580665022977599,0.41856774977085887,0.010131910795290027,5,1,150,0.0022967307537461647,0.2711415766954031,0.922848626187347,COMPLETE
86,0.6456168789500734,2026-05-28 22:00:01.583048,2026-05-28 22:00:04.094220,0 days 00:00:02.511172,0.6004218398536569,0.4465391517570535,0.011290347549386615,6,1,100,0.001167823294000137,0.2034636427825175,0.8765918718209598,COMPLETE
87,0.6513962634462291,2026-05-28 22:00:04.094719,2026-05-28 22:00:06.688056,0 days 00:00:02.593337,0.5574508555713933,0.44423357445069317,0.011306640112950097,6,1,100,0.0004944635407367165,0.11927109355928234,0.8576521794063822,COMPLETE
88,0.6446765741491227,2026-05-28 22:00:06.688681,2026-05-28 22:00:09.183078,0 days 00:00:02.494397,0.5889953338491467,0.5127284688959408,0.011375334114192413,6,1,100,0.000382164619065079,0.1072548568462843,0.8553531087199738,COMPLETE
89,0.6510552947276225,2026-05-28 22:00:09.183635,2026-05-28 22:00:11.913850,0 days 00:00:02.730215,0.5561894740946679,0.5252692298072067,0.01124033809668914,7,1,100,0.0002828768995137238,0.11420539017926369,0.8178672350832644,COMPLETE
90,0.6505958262203093,2026-05-28 22:00:11.914319,2026-05-28 22:00:14.562878,0 days 00:00:02.648559,0.5481011274426945,0.5235515227518368,0.011420305794086118,7,1,100,0.0003135622301985311,0.10014158376627301,0.8176702225159417,COMPLETE
91,0.6537914992164217,2026-05-28 22:00:14.563358,2026-05-28 22:00:17.374615,0 days 00:00:02.811257,0.5481557771291498,0.5200447136451776,0.011053012633139535,7,1,100,0.0002167275525330893,0.10004382510640854,0.8151097328123308,COMPLETE
