number,value,datetime_start,datetime_complete,duration,params_colsample_bytree,params_gamma,params_learning_rate,params_max_depth,params_min_child_weight,params_n_estimators,params_reg_alpha,params_reg_lambda,params_subsample,state
92,0.7054086123382679,2026-05-30 10:31:04.784948,2026-05-30 10:31:11.830822,0 days 00:00:07.045874,0.3152588190225809,0.8531047658996093,0.014528191916492144,10,8,250,0.004747177659052969,0.14085745499240848,0.8974766922530003,COMPLETE
93,0.7113527535779335,2026-05-30 10:31:11.831377,2026-05-30 10:31:21.366935,0 days 00:00:09.535558,0.42645712519456064,0.9302026426390686,0.012598885663875731,10,1,150,0.007838058556638827,0.39784220678593013,0.8617799697288157,COMPLETE
94,0.6984539686334623,2026-05-30 10:31:21.367703,2026-05-30 10:31:27.614636,0 days 00:00:06.246933,0.4001926862276581,0.9732835898298302,0.048137707116643495,10,1,200,0.0022068628985453726,0.18315025068141283,0.8333750685385352,COMPLETE
95,0.7257441362675596,2026-05-30 10:31:27.615326,2026-05-30 10:31:34.807595,0 days 00:00:07.192269,0.33017677292148245,0.8187760149091928,0.01801715480893963,10,1,100,0.0008482270099701666,0.15622027055696572,0.8699002592752285,COMPLETE
96,0.7192418767287792,2026-05-30 10:31:34.808165,2026-05-30 10:31:41.956440,0 days 00:00:07.148275,0.3313127261152323,0.7308564869628171,0.018260988295122443,9,2,100,0.00018151654521617795,0.2191867046389585,0.8464818628184212,COMPLETE
97,0.7014606346726655,2026-05-30 10:31:41.957039,2026-05-30 10:31:47.290885,0 days 00:00:05.333846,0.36563344509492035,0.7627495152634198,0.016037396081570406,10,1,100,0.07957062568739917,0.1592115748810308,0.7205512993108976,COMPLETE
98,0.71779776711063,2026-05-30 10:31:47.291442,2026-05-30 10:31:57.715774,0 days 00:00:10.424332,0.3142336966389511,0.8162997153595574,0.010776617315141014,7,1,150,0.0004361502151065291,0.12806986215685667,0.8075428892784309,COMPLETE
99,0.7149320233226861,2026-05-30 10:31:57.716575,2026-05-30 10:32:13.272290,0 days 00:00:15.555715,0.3849069805942432,0.7754233370346959,0.011914694872208994,9,1,450,0.000776278527899389,0.10150706632985745,0.8718349732525766,COMPLETE
100,0.702789838316712,2026-05-30 10:32:13.272955,2026-05-30 10:32:21.970729,0 days 00:00:08.697774,0.439344154129029,0.9071631556301271,0.013814003983937166,10,2,100,0.01689888845036913,0.11280519979540576,0.8277148697021569,COMPLETE
101,0.7222758399065814,2026-05-30 10:32:21.971255,2026-05-30 10:32:34.293294,0 days 00:00:12.322039,0.3431665582752876,0.8397744172690275,0.015500863962509577,10,1,700,0.011428322816614522,0.26080668178551325,0.8900108358522132,COMPLETE
102,0.7379777065072293,2026-05-30 10:32:34.293843,2026-05-30 10:32:51.922493,0 days 00:00:17.628650,0.3344380741413427,0.841191049422553,0.02060406794189299,10,1,150,0.006401926136571523,0.2537990163615672,0.9224218899885588,COMPLETE
103,0.7308261499131897,2026-05-30 10:32:51.923276,2026-05-30 10:33:01.957647,0 days 00:00:10.034371,0.3291637064238773,0.8368756798508299,0.017860912666591566,10,1,650,0.0031518360580010205,0.25684477922392396,0.9637835608471651,COMPLETE
104,0.7322824133907389,2026-05-30 10:33:01.958325,2026-05-30 10:33:14.747564,0 days 00:00:12.789239,0.32847553394918705,0.8442735629835145,0.018256777710623114,10,1,650,0.006471485594827988,0.25547771803187685,0.9728677697976228,COMPLETE
105,0.7150307390241466,2026-05-30 10:33:14.748170,2026-05-30 10:33:26.970292,0 days 00:00:12.222122,0.31414261178586567,0.8694671342232775,0.024050588721773784,10,1,600,0.0068334267998542515,0.23082549698300617,0.9662302920808921,COMPLETE
106,0.7179626139430417,2026-05-30 10:33:26.971005,2026-05-30 10:33:37.893077,0 days 00:00:10.922072,0.3299119611929213,0.8828063340901373,0.020414675079125075,10,1,650,0.0034664665416833545,0.3207290359854116,0.9806537709638057,COMPLETE
107,0.7055054085248851,2026-05-30 10:33:37.894035,2026-05-30 10:33:55.251528,0 days 00:00:17.357493,0.3647675035095596,0.8359300146683615,0.021245844956747528,10,5,650,0.0016780579337961723,0.291008946830372,0.9445018962206153,COMPLETE
108,0.7190572711408463,2026-05-30 10:33:55.252150,2026-05-30 10:34:03.005588,0 days 00:00:07.753438,0.30032972574129335,0.8648749298132081,0.028136110868106787,10,2,500,0.0065900603544734706,0.20826592658662715,0.9257964025707212,COMPLETE
109,0.7235032193788938,2026-05-30 10:34:03.006363,2026-05-30 10:34:25.429902,0 days 00:00:22.423539,0.35697548727215395,0.93172865829214,0.017436753137685,10,1,550,0.002596002372433618,0.1906045460551769,0.9574641970622112,COMPLETE
110,0.7240700412573492,2026-05-30 10:34:25.430582,2026-05-30 10:34:44.810684,0 days 00:00:19.380102,0.40600590350439913,0.9290874811428773,0.01773630503126763,9,2,500,0.0008759505261383344,0.3623723899337528,0.9889379514511821,COMPLETE
111,0.7254523587287419,2026-05-30 10:34:44.811232,2026-05-30 10:35:14.488829,0 days 00:00:29.677597,0.3780762463855188,0.9275535932110993,0.017712200381307188,9,1,550,0.0010753937719700263,0.2618056593950247,0.9671010578796049,COMPLETE
112,0.7200812812686581,2026-05-30 10:35:14.489424,2026-05-30 10:35:31.264283,0 days 00:00:16.774859,0.41080949847277115,0.9010197117652862,0.017172343739544356,9,1,550,0.0009530726667281907,0.35651488385128066,0.9630097944440313,COMPLETE
113,0.7118771548102016,2026-05-30 10:35:31.264859,2026-05-30 10:35:54.099806,0 days 00:00:22.834947,0.38859584585032025,0.8202661694256536,0.01848272387273872,9,1,500,0.00046590369476335485,0.27227054070076845,0.9890995321748852,COMPLETE
114,0.7207076262584581,2026-05-30 10:35:54.100504,2026-05-30 10:36:09.393175,0 days 00:00:15.292671,0.3285305284420295,0.9316685557019682,0.017273409331753264,9,2,600,0.0006443413329996666,0.19493351191817365,0.9551517957857578,COMPLETE
115,0.7183433215250277,2026-05-30 10:36:09.393774,2026-05-30 10:36:19.534156,0 days 00:00:10.140382,0.37531984080032693,0.8477054277936349,0.02295705618283908,9,1,500,0.0013228156335381423,0.24827844116076286,0.9950221181652167,COMPLETE
116,0.7228355374547824,2026-05-30 10:36:19.534690,2026-05-30 10:36:33.990323,0 days 00:00:14.455633,0.3236669979641891,0.7951369817203834,0.015992270497959312,10,2,550,0.0010378956948487554,0.3427480252649177,0.9798404276870072,COMPLETE
117,0.7201408829884243,2026-05-30 10:36:33.990996,2026-05-30 10:36:45.486941,0 days 00:00:11.495945,0.3561093621669824,0.8848743889493618,0.02496977206702547,9,1,150,0.002615880913314491,0.2963767581024687,0.9295518484981817,COMPLETE
118,0.694430028214847,2026-05-30 10:36:45.487536,2026-05-30 10:36:52.611795,0 days 00:00:07.124259,0.3157138300290857,0.8549265456165076,0.28752046995539277,10,1,450,0.0020919332580207313,0.22356721770699378,0.963488495271117,COMPLETE
119,0.7167879550392333,2026-05-30 10:36:52.612459,2026-05-30 10:37:02.852130,0 days 00:00:10.239671,0.4005893796529978,0.918526937463102,0.01776934887523919,10,1,500,0.0003535959655940867,0.1855589151903168,0.9457093971535501,COMPLETE
120,0.7170148043987002,2026-05-30 10:37:02.852845,2026-05-30 10:37:23.430518,0 days 00:00:20.577673,0.3362996259042694,0.8114880947445159,0.014317740151867497,9,2,600,0.0008105128725899239,0.20093428062621294,0.9236453653147583,COMPLETE
121,0.7217809090369255,2026-05-30 10:37:23.431230,2026-05-30 10:37:46.315459,0 days 00:00:22.884229,0.362255783297952,0.9996863915463923,0.02043758739037038,10,1,550,0.0005684209149602656,0.17329592040053315,0.986934208823324,COMPLETE
122,0.7207771585686179,2026-05-30 10:37:46.316284,2026-05-30 10:37:55.709611,0 days 00:00:09.393327,0.3766977280077444,0.9397166068379071,0.019747659945090482,10,1,550,0.0031926562991930712,0.25549517701803215,0.9714626108690723,COMPLETE
123,0.6866860757050268,2026-05-30 10:37:55.710316,2026-05-30 10:38:14.377892,0 days 00:00:18.667576,0.7105655277825527,0.907848130848576,0.018493664687866763,10,1,500,0.0012013190559768314,0.15469280353733048,0.9535205439260235,COMPLETE
124,0.7090335866854262,2026-05-30 10:38:14.378416,2026-05-30 10:38:29.591302,0 days 00:00:15.212886,0.34422575154235735,0.985844569284658,0.013298890585243778,10,6,650,0.0015896009025576996,0.13380432595853925,0.9731795132574765,COMPLETE
125,0.7251350278945318,2026-05-30 10:38:29.592299,2026-05-30 10:38:39.344637,0 days 00:00:09.752338,0.31039379107006554,0.8675806392246004,0.02244414201238008,10,1,550,0.002593230127567157,0.16885222765537283,0.9326591755828044,COMPLETE
126,0.7189254221004528,2026-05-30 10:38:39.345346,2026-05-30 10:38:41.616339,0 days 00:00:02.270993,0.31366332627810795,0.8737493078981831,0.06930866005028487,10,1,150,0.0024714578731835687,0.4484568968180182,0.9148614535184261,COMPLETE
127,0.7221362258202242,2026-05-30 10:38:41.616878,2026-05-30 10:38:56.330474,0 days 00:00:14.713596,0.30726792811188813,0.7662117904863102,0.021892118480426537,8,1,600,0.00198125740396192,0.2340295027217237,0.9374431188509812,COMPLETE
128,0.7314037957374334,2026-05-30 10:38:56.331314,2026-05-30 10:39:11.696383,0 days 00:00:15.365069,0.33317422041382866,0.8390245353846782,0.016300702945573883,10,1,200,0.003137046494933263,0.21438351762816438,0.9335039502966204,COMPLETE
129,0.7180538499942519,2026-05-30 10:39:11.696913,2026-05-30 10:39:15.499415,0 days 00:00:03.802502,0.33211940775666543,0.8296485706447627,0.016153661593677985,9,2,100,0.004203245207779647,0.3007490932835979,0.9335913946943654,COMPLETE
130,0.7112184179850951,2026-05-30 10:39:15.500014,2026-05-30 10:39:19.437563,0 days 00:00:03.937549,0.30460621847549985,0.7810096305153399,0.13212765031677862,10,1,150,0.006202729312201081,0.26043838410353876,0.8672700025227519,COMPLETE
131,0.731185923787518,2026-05-30 10:39:19.438045,2026-05-30 10:39:27.173777,0 days 00:00:07.735732,0.35058025778636925,0.8969044564841462,0.017436635679669566,10,1,200,0.0029396190606674234,0.20674561650322976,0.9456736732095974,COMPLETE
132,0.7385565746662766,2026-05-30 10:39:27.174503,2026-05-30 10:39:40.895941,0 days 00:00:13.721438,0.32481705350643925,0.8887344937259072,0.015283560389284672,10,1,200,0.0034540184362714687,0.20571038890874205,0.9198541027968503,COMPLETE
133,0.7332544179982152,2026-05-30 10:39:40.900264,2026-05-30 10:39:57.316503,0 days 00:00:16.416239,0.3269349059831059,0.8625759692180448,0.014551557784691289,10,1,200,0.003540830367901246,0.20551820348219624,0.9192528722366348,COMPLETE
134,0.7343059650592452,2026-05-30 10:39:57.317055,2026-05-30 10:40:13.111018,0 days 00:00:15.793963,0.3300670688325449,0.8427240954956045,0.014961712793365204,10,1,200,0.0034936535544834177,0.21140923161300884,0.919654856807319,COMPLETE
135,0.7318224014235434,2026-05-30 10:40:13.111597,2026-05-30 10:40:23.167658,0 days 00:00:10.056061,0.3303018469758877,0.8063770054404471,0.01438470534218162,10,1,200,0.003428629515252476,0.20949095158277237,0.9191688481851322,COMPLETE
136,0.73326782497968,2026-05-30 10:40:23.168204,2026-05-30 10:40:35.522233,0 days 00:00:12.354029,0.3407044340193787,0.7929773706948036,0.01457986055388144,10,1,200,0.003453068121074187,0.2130001372271761,0.9192288314629065,COMPLETE
137,0.7306030875392396,2026-05-30 10:40:35.522776,2026-05-30 10:40:58.290160,0 days 00:00:22.767384,0.34226873823042603,0.7301688845840653,0.014692294842629903,10,1,200,0.003592616902597517,0.2082993132116402,0.9189870522031861,COMPLETE
138,0.6835287886145439,2026-05-30 10:40:58.290750,2026-05-30 10:41:16.126272,0 days 00:00:17.835522,0.8262872868558009,0.7338131831783261,0.014413796315331547,10,1,200,0.003326301360750435,0.2067500736367002,0.918768622884837,COMPLETE
139,0.6764352191611305,2026-05-30 10:41:16.126962,2026-05-30 10:41:30.622938,0 days 00:00:14.495976,0.9269328363301972,0.6982576304765716,0.01340733703593566,10,1,200,0.005758325816270355,0.20814416969989658,0.8990736729707011,COMPLETE
140,0.7329702790533891,2026-05-30 10:41:30.623404,2026-05-30 10:41:48.572192,0 days 00:00:17.948788,0.3430305467176521,0.8452347301420606,0.015027753637273185,10,1,250,0.0036312626699202917,0.23357586810069159,0.9455931886297083,COMPLETE
141,0.7339468539039564,2026-05-30 10:41:48.572714,2026-05-30 10:41:59.546121,0 days 00:00:10.973407,0.33840664430517037,0.8077593465476604,0.01493941171921154,10,1,250,0.00381530757444518,0.23617527899356194,0.9443076960498259,COMPLETE
142,0.7280665655273065,2026-05-30 10:41:59.546881,2026-05-30 10:42:10.661565,0 days 00:00:11.114684,0.34041014920460627,0.7997369450055881,0.015256939961340215,10,1,250,0.003445312142660511,0.2392312767151468,0.9452836738216621,COMPLETE
143,0.7318211467576081,2026-05-30 10:42:10.662280,2026-05-30 10:42:18.794738,0 days 00:00:08.132458,0.32296021848112927,0.8415478334485595,0.014690722215734274,10,1,200,0.004816242438505077,0.22561972469678745,0.9216304370213504,COMPLETE
144,0.7234626990906331,2026-05-30 10:42:18.795275,2026-05-30 10:42:26.524438,0 days 00:00:07.729163,0.34587600342580693,0.8415978437659788,0.015144347667711354,10,1,200,0.004618841771471599,0.278197596207898,0.9244255885368061,COMPLETE
145,0.7332708171327833,2026-05-30 10:42:26.525152,2026-05-30 10:42:39.494897,0 days 00:00:12.969745,0.3250656131798638,0.8057781796796712,0.01288483905967047,10,1,200,0.003108063690163741,0.2249078315194353,0.9088184979251875,COMPLETE
146,0.7294612736200601,2026-05-30 10:42:39.495459,2026-05-30 10:42:47.368528,0 days 00:00:07.873069,0.33032447246504937,0.7551385836942323,0.01431239167204134,10,1,200,0.001947096104921884,0.24093936274098937,0.912029226070468,COMPLETE
147,0.7033133959798753,2026-05-30 10:42:47.369133,2026-05-30 10:42:58.619073,0 days 00:00:11.249940,0.3482095437286354,0.8141172467544071,0.0161133178482287,10,7,250,0.003057545316859535,0.22373765121986924,0.9399645670413765,COMPLETE
148,0.7332241657241625,2026-05-30 10:42:58.619605,2026-05-30 10:43:05.814792,0 days 00:00:07.195187,0.3247196290096234,0.8448044541708681,0.013513113196327196,10,1,200,0.003875290296697133,0.19075779880585364,0.9297457053594241,COMPLETE
149,0.731829055420033,2026-05-30 10:43:05.815705,2026-05-30 10:43:23.255241,0 days 00:00:17.439536,0.32119474995315606,0.8339820994834837,0.012525257093678832,10,1,250,0.005185955119467548,0.18434009459899547,0.9066304760657623,COMPLETE
150,0.7314694175255174,2026-05-30 10:43:23.255766,2026-05-30 10:43:29.704960,0 days 00:00:06.449194,0.32031555776662485,0.8509674543770143,0.012854819820072076,10,1,250,0.00482659341868417,0.18585928088230483,0.8906019960258043,COMPLETE
151,0.7334708073470116,2026-05-30 10:43:29.705538,2026-05-30 10:43:53.329081,0 days 00:00:23.623543,0.32173287631913733,0.8550147180766746,0.013464918440619148,10,1,250,0.005052058015957216,0.19031599438446042,0.9008809710636658,COMPLETE
152,0.730841585594802,2026-05-30 10:43:53.329830,2026-05-30 10:44:03.468276,0 days 00:00:10.138446,0.31386637225430875,0.8558751691375305,0.012650111314398124,10,1,250,0.004573109780696095,0.18600505376613738,0.9030273655231021,COMPLETE
153,0.7019681361559945,2026-05-30 10:44:03.469005,2026-05-30 10:44:21.461563,0 days 00:00:17.992558,0.32245619146481586,0.7875442136010626,0.01328158355989001,10,10,250,0.005015014831317897,0.1837178034890127,0.8845741792236995,COMPLETE
154,0.7312530885466619,2026-05-30 10:44:21.462185,2026-05-30 10:44:28.494333,0 days 00:00:07.032148,0.3006907629321183,0.8297411702390397,0.014205275436688347,10,1,250,0.008248117452007526,0.16488829919227088,0.907041331918649,COMPLETE
155,0.732594298983144,2026-05-30 10:44:28.494826,2026-05-30 10:44:49.278997,0 days 00:00:20.784171,0.32178894995151175,0.8526795115221356,0.012476013291713446,10,1,200,0.0038987230541291905,0.19448938179307593,0.8918791444182004,COMPLETE
156,0.7197991107469586,2026-05-30 10:44:49.279650,2026-05-30 10:44:58.468637,0 days 00:00:09.188987,0.3607389403768992,0.8583560024977531,0.012631528142599144,10,1,250,0.005754578492266896,0.18722236466035996,0.898259761660816,COMPLETE
157,0.731315021724965,2026-05-30 10:44:58.469247,2026-05-30 10:45:15.813969,0 days 00:00:17.344722,0.31942009188620313,0.8157464009468096,0.013566985826402539,10,1,300,0.004001626328661973,0.15064679182652502,0.8957393648167846,COMPLETE
158,0.7333553462560045,2026-05-30 10:45:15.814727,2026-05-30 10:45:23.885889,0 days 00:00:08.071162,0.3016208778748627,0.8019501099981096,0.012451481511648585,10,1,200,0.00782647202297203,0.23009690492557291,0.8907781227630527,COMPLETE
159,0.6914332539011399,2026-05-30 10:45:23.886462,2026-05-30 10:45:35.783805,0 days 00:00:11.897343,0.33542599911181253,0.776863076123037,0.012274975208339329,10,2,200,0.0075650546609541906,0.23834208842394491,0.5017269748309792,COMPLETE
160,0.7307643632432597,2026-05-30 10:45:35.784375,2026-05-30 10:45:47.504342,0 days 00:00:11.719967,0.3006627847520655,0.8048189441163356,0.011203649965185362,10,1,200,0.0019065613730046278,0.280977118415493,0.9204253773454516,COMPLETE
161,0.7281560739424859,2026-05-30 10:45:47.504896,2026-05-30 10:46:00.142795,0 days 00:00:12.637899,0.31478435771299,0.8677361218311868,0.013073923122533745,10,1,250,0.0052894533965977455,0.1956037003649053,0.8857435790875158,COMPLETE
162,0.7331809291110397,2026-05-30 10:46:00.143490,2026-05-30 10:46:13.187671,0 days 00:00:13.044181,0.32174843900512395,0.8457250974786574,0.013879670024387097,10,1,200,0.004145071989300804,0.22289261613682515,0.9104789276794815,COMPLETE
163,0.7282684921623924,2026-05-30 10:46:13.188334,2026-05-30 10:46:21.471112,0 days 00:00:08.282778,0.3372478920072256,0.799308969540109,0.015158804576979972,10,1,200,0.0037475389241156346,0.2259624930654216,0.9118823832467295,COMPLETE
164,0.7350130987800606,2026-05-30 10:46:21.471698,2026-05-30 10:46:35.593106,0 days 00:00:14.121408,0.3006854403410319,0.8293537535247528,0.013420692344369855,10,1,200,0.002498813567820283,0.24563043510811564,0.9280824981254274,COMPLETE
165,0.7194999138053829,2026-05-30 10:46:35.593669,2026-05-30 10:46:44.805878,0 days 00:00:09.212209,0.35463685451367744,0.2804767566574723,0.013777832473528153,10,1,200,0.0023981205423963302,0.254692948074443,0.9081988242350632,COMPLETE
166,0.7328834326888366,2026-05-30 10:46:44.806382,2026-05-30 10:46:56.624008,0 days 00:00:11.817626,0.3035326124625989,0.8099436716542248,0.01197715325019873,10,1,250,0.0015325813133416797,0.3162724159889644,0.9305612197088219,COMPLETE
167,0.7320787010687171,2026-05-30 10:46:56.624584,2026-05-30 10:47:07.045004,0 days 00:00:10.420420,0.3031126569793314,0.8264528369806279,0.01212638015425931,10,1,250,0.0017761304508307043,0.31962790996762724,0.9257623311808153,COMPLETE
168,0.731800001763582,2026-05-30 10:47:07.045546,2026-05-30 10:47:21.157939,0 days 00:00:14.112393,0.30331976696117724,0.7755047064222225,0.011466695057544541,10,2,250,0.001528075866435191,0.31963282819476585,0.9334296326463429,COMPLETE
169,0.732957515974209,2026-05-30 10:47:21.158542,2026-05-30 10:47:37.565727,0 days 00:00:16.407185,0.30064738243617756,0.869282437213521,0.010870785799296342,10,1,300,0.0017434398916368762,0.2840865275272324,0.9464966826405801,COMPLETE
170,0.725318539493288,2026-05-30 10:47:37.566317,2026-05-30 10:47:42.814000,0 days 00:00:05.247683,0.31300326865157946,0.8861717199110937,0.010657186000543342,10,1,150,0.0022481082498922306,0.2764032306417459,0.9475012166292628,COMPLETE
171,0.730786438450707,2026-05-30 10:47:42.814479,2026-05-30 10:48:01.516253,0 days 00:00:18.701774,0.3034552917531365,0.8663165220381756,0.012127451658314784,10,1,300,0.0016904702348467168,0.3086065574065221,0.924725009733927,COMPLETE
172,0.7274941857711271,2026-05-30 10:48:01.516912,2026-05-30 10:48:11.219827,0 days 00:00:09.702915,0.30060314942071803,0.8210315932347593,0.011058624996677695,10,1,250,0.0013732528663004632,0.29544822527955195,0.9314558194167486,COMPLETE
173,0.7276493101025232,2026-05-30 10:48:11.220343,2026-05-30 10:48:28.041815,0 days 00:00:16.821472,0.33946531940159186,0.8514480882916241,0.012141017361689476,10,1,200,0.002607384955882185,0.24085187874485908,0.9528506468126022,COMPLETE
174,0.735925728363763,2026-05-30 10:48:28.042374,2026-05-30 10:48:44.441133,0 days 00:00:16.398759,0.318389989364344,0.878379160191475,0.013466372884161092,10,1,300,0.0019297209421398622,0.27384318629819865,0.9374767525141016,COMPLETE
175,0.6554213581212317,2026-05-30 10:48:44.441927,2026-05-30 10:48:47.343904,0 days 00:00:02.901977,0.3230745765107161,0.36310420619812456,0.10316621155480264,4,9,200,0.002392063742924673,0.26130829246030307,0.9378255988950346,COMPLETE
176,0.7012559019180837,2026-05-30 10:48:47.344618,2026-05-30 10:49:01.090200,0 days 00:00:13.745582,0.5073615455098878,0.8819263500703827,0.013484568639408055,10,1,300,0.004061888042231943,0.23943423114331394,0.9436305864985017,COMPLETE
177,0.711735075602646,2026-05-30 10:49:01.090941,2026-05-30 10:49:07.115328,0 days 00:00:06.024387,0.3527479546821353,0.8748702371340117,0.17259925406929336,10,1,150,0.006652284529442703,0.27795535185148623,0.9568189872750685,COMPLETE
178,0.7283043145906511,2026-05-30 10:49:07.116018,2026-05-30 10:49:20.323898,0 days 00:00:13.207880,0.3336973143902496,0.8980159555636298,0.015576040880777001,10,1,300,0.002820889746286887,0.3435989344184974,0.8965292804966593,COMPLETE
179,0.7301367774106597,2026-05-30 10:49:20.324440,2026-05-30 10:49:29.976093,0 days 00:00:09.651653,0.3161461833742096,0.7908606691231004,0.01391226344597435,10,1,200,0.0021847970166998243,0.2212026201496143,0.9103109649029859,COMPLETE
180,0.7318841987653331,2026-05-30 10:49:29.976636,2026-05-30 10:49:48.705791,0 days 00:00:18.729155,0.3434927897198134,0.8585934845661443,0.013138128038186533,10,1,300,0.00403265022923213,0.20010838666084776,0.9302574163779368,COMPLETE
181,0.7313125499176355,2026-05-30 10:49:48.706312,2026-05-30 10:50:00.834401,0 days 00:00:12.128089,0.3141832993667013,0.8287706723779521,0.011619545207124509,10,1,250,0.0017538823023795125,0.42753114509749385,0.9278900243244589,COMPLETE
182,0.7331442370051339,2026-05-30 10:50:00.834907,2026-05-30 10:50:15.480594,0 days 00:00:14.645687,0.30161485367986135,0.8209955206265583,0.012578113666929791,10,1,250,0.0012451175896610516,0.3261891655287635,0.9426876083414377,COMPLETE
183,0.7305517065405194,2026-05-30 10:50:15.481151,2026-05-30 10:50:28.484433,0 days 00:00:13.003282,0.3222571577353498,0.8407157471381705,0.010492849197632432,10,1,200,0.0012826914480507838,0.3704719467921264,0.9395704526940118,COMPLETE
