number,value,datetime_start,datetime_complete,duration,params_colsample_bytree,params_gamma,params_learning_rate,params_max_depth,params_min_child_weight,params_n_estimators,params_reg_alpha,params_reg_lambda,params_subsample,state
0,0.6732833706183214,2026-05-30 10:18:28.084522,2026-05-30 10:18:31.578437,0 days 00:00:03.493915,0.5341693092990579,0.8740820406046352,0.1269150992714237,7,3,250,0.014589612366710449,0.5458316031588146,0.618582293261045,COMPLETE
1,0.7028678589821563,2026-05-30 10:18:31.579013,2026-05-30 10:18:34.253512,0 days 00:00:02.674499,0.30410695970777935,0.3165692495079654,0.041462028505531386,7,6,100,0.0010012762189522588,0.14849672533157526,0.8776480498047741,COMPLETE
2,0.7052139619884137,2026-05-30 10:18:34.254019,2026-05-30 10:18:40.518638,0 days 00:00:06.264619,0.41937013893338154,0.5660570346632139,0.010428481405063496,8,2,200,0.01256649245826788,9.240979571494243,0.8388221422985924,COMPLETE
3,0.6780014121883231,2026-05-30 10:18:40.519121,2026-05-30 10:18:52.393529,0 days 00:00:11.874408,0.43263612203071644,0.4910464945392953,0.013510478439000276,7,10,550,0.010726837007496747,0.40015468880606203,0.7699148658854917,COMPLETE
4,0.6543878578015645,2026-05-30 10:18:52.394090,2026-05-30 10:19:02.953190,0 days 00:00:10.559100,0.9261459208126304,0.2822016111460173,0.037728337243301595,6,3,650,0.08336686925945669,0.4606165947002671,0.8681933789618224,COMPLETE
5,0.6588147411116799,2026-05-30 10:19:02.953708,2026-05-30 10:19:10.411035,0 days 00:00:07.457327,0.347228388022159,0.2759040923089372,0.01471203101523229,4,10,600,0.024519336786769597,0.7675154771894146,0.5663180904764763,COMPLETE
6,0.6569300313591429,2026-05-30 10:19:10.411626,2026-05-30 10:19:20.323251,0 days 00:00:09.911625,0.9163569578405852,0.7045237666491062,0.013460751074254406,8,8,350,0.02928336640947752,4.754971793990316,0.810586962970322,COMPLETE
7,0.6284386912821425,2026-05-30 10:19:20.323803,2026-05-30 10:19:26.839224,0 days 00:00:06.515421,0.7373985438924213,0.01499002002579597,0.2657970368258094,4,9,550,0.12051556628174788,1.8166409786524806,0.8068498516386715,COMPLETE
8,0.6152636559974638,2026-05-30 10:19:26.839886,2026-05-30 10:19:29.086936,0 days 00:00:02.247050,0.8663811820408118,0.021704149823640995,0.06434723469813171,3,10,150,0.00012033277844963486,0.9193878142355447,0.5125414424344954,COMPLETE
9,0.6606325887435045,2026-05-30 10:19:29.087376,2026-05-30 10:19:32.912693,0 days 00:00:03.825317,0.6027899968760303,0.7422383551277195,0.13981467973070796,10,10,250,0.0040461352092072776,0.2160775030302579,0.6504910830443136,COMPLETE
10,0.650120507136498,2026-05-30 10:19:32.913158,2026-05-30 10:19:40.756083,0 days 00:00:07.842925,0.456420914656061,0.9745154213906984,0.023670567521217725,10,1,800,4.192395529583304,9.622770248493064,0.982913104081578,COMPLETE
11,0.7044953577388087,2026-05-30 10:19:40.756727,2026-05-30 10:19:43.675461,0 days 00:00:02.918734,0.3034329090820297,0.40015948553714403,0.04511344568842875,8,6,100,0.0005764888437618916,0.10282810736763273,0.9262562236605294,COMPLETE
12,0.694962191917939,2026-05-30 10:19:43.675939,2026-05-30 10:19:47.512831,0 days 00:00:03.836892,0.41496537969804903,0.49893417261414896,0.06974178569409631,9,5,250,0.00041344797093441994,2.4797497886469095,0.9748991170041371,COMPLETE
13,0.7004734376662469,2026-05-30 10:19:47.513363,2026-05-30 10:19:53.516297,0 days 00:00:06.002934,0.3042206701268012,0.6059681872450239,0.026990217344954173,8,6,400,0.4270567265714899,0.10097429833614716,0.9014732566481516,COMPLETE
14,0.660830401254803,2026-05-30 10:19:53.516840,2026-05-30 10:19:57.121874,0 days 00:00:03.605034,0.703454470220389,0.39290663506406864,0.02191035245652264,9,4,100,0.0019189520398884326,8.762951156121355,0.9334592603896568,COMPLETE
15,0.6644579057298159,2026-05-30 10:19:57.122389,2026-05-30 10:20:01.181746,0 days 00:00:04.059357,0.5184233091431286,0.18744138101462582,0.11704478377443499,6,1,200,0.00021816108063711314,1.7814054164185154,0.702426965207858,COMPLETE
16,0.6967235804251042,2026-05-30 10:20:01.182318,2026-05-30 10:20:09.065473,0 days 00:00:07.883155,0.3779014105433822,0.631773531574219,0.010819805639696691,8,7,350,0.0034503891703901953,4.354834534281269,0.8222555834580351,COMPLETE
17,0.6742066706377654,2026-05-30 10:20:09.066018,2026-05-30 10:20:11.680926,0 days 00:00:02.614908,0.5097328256968616,0.44056046909690233,0.08754005975248594,9,3,100,0.9432002914090138,0.2911706859152833,0.730061735126035,COMPLETE
18,0.6346056867339829,2026-05-30 10:20:11.681426,2026-05-30 10:20:14.193147,0 days 00:00:02.511721,0.6291466938627653,0.5942252263882801,0.22640343382880673,5,5,300,0.0007478662701131558,4.22815219398177,0.9291590531924896,COMPLETE
19,0.6749273941355516,2026-05-30 10:20:14.193930,2026-05-30 10:20:23.226043,0 days 00:00:09.032113,0.7525333732186791,0.18298715631338444,0.045059956094164515,8,2,450,0.11203684856446584,1.4836669917330818,0.8632423170978124,COMPLETE
20,0.661770519220583,2026-05-30 10:20:23.226707,2026-05-30 10:20:27.708579,0 days 00:00:04.481872,0.5720818549356942,0.864613938305083,0.017771895478799087,6,7,200,0.007015708661307362,0.1929445826016817,0.9940111299337474,COMPLETE
21,0.7045495989414847,2026-05-30 10:20:27.709080,2026-05-30 10:20:30.229795,0 days 00:00:02.520715,0.3120750118011042,0.32362112442088137,0.03275682554748455,7,6,100,0.0018245962964810363,0.10383563634341773,0.8710827940374877,COMPLETE
22,0.7036216828426569,2026-05-30 10:20:30.230242,2026-05-30 10:20:34.046463,0 days 00:00:03.816221,0.3735363617779577,0.3745358438675752,0.03167158642197826,7,7,150,0.0016737477281082535,0.10631463436662704,0.9331051920518104,COMPLETE
23,0.6852976900748,2026-05-30 10:20:34.046942,2026-05-30 10:20:38.218860,0 days 00:00:04.171918,0.458386265378374,0.20513697474562448,0.058584614329330584,9,5,150,0.0003153538554324777,0.2814426269223358,0.8341126492958941,COMPLETE
24,0.7118527267273398,2026-05-30 10:20:38.219331,2026-05-30 10:20:43.201314,0 days 00:00:04.981983,0.3022512085412035,0.5334684807011896,0.010121626735412026,8,4,200,0.0006639091965033989,0.14835744213836013,0.7842199856447791,COMPLETE
25,0.6966306206179358,2026-05-30 10:20:43.201772,2026-05-30 10:20:46.960802,0 days 00:00:03.759030,0.3736500358162667,0.5599404967647355,0.010109016187031564,5,4,200,0.004300622549133615,0.16522831709745936,0.7666549668576346,COMPLETE
26,0.6875470719628007,2026-05-30 10:20:46.961293,2026-05-30 10:20:54.120325,0 days 00:00:07.159032,0.47751522052815104,0.7168491237742158,0.018322784039467174,7,2,300,0.00011833754380086309,0.6244971712446148,0.7112999458136633,COMPLETE
27,0.7036102403638416,2026-05-30 10:20:54.120858,2026-05-30 10:21:03.459384,0 days 00:00:09.338526,0.4097178192205215,0.5245290529719088,0.01752522657392524,9,4,450,0.0020728148345050407,0.32521052272604406,0.7885688244255457,COMPLETE
28,0.7103913199107026,2026-05-30 10:21:03.460022,2026-05-30 10:21:11.450561,0 days 00:00:07.990539,0.3482658105539738,0.6541922347097463,0.011764296194744716,8,2,300,0.06860786386110214,0.13722236770792517,0.659159984566669,COMPLETE
29,0.6710744519886533,2026-05-30 10:21:11.451377,2026-05-30 10:21:19.999638,0 days 00:00:08.548261,0.5590488227786541,0.7765906079562359,0.011666260300991821,10,2,300,0.5677215361756935,6.261257028403973,0.6832556836877788,COMPLETE
30,0.6995119210920443,2026-05-30 10:21:20.000160,2026-05-30 10:21:25.927660,0 days 00:00:05.927500,0.3521382645971841,0.6597841696739369,0.01513878306303074,8,3,250,0.06804851885451478,1.266241707387481,0.6183878795147105,COMPLETE
31,0.7207882230111027,2026-05-30 10:21:25.928127,2026-05-30 10:21:30.845118,0 days 00:00:04.916991,0.3442393438422211,0.8103272220571225,0.01005329485980175,7,1,200,0.011657473239695616,0.1454966400895732,0.7471342306484181,COMPLETE
32,0.7132473413820882,2026-05-30 10:21:30.845616,2026-05-30 10:21:36.765197,0 days 00:00:05.919581,0.4120297439259328,0.8262939854164995,0.010345576434920126,8,1,200,0.015539224987095977,0.150034447234172,0.7410579807448321,COMPLETE
33,0.7165769587669126,2026-05-30 10:21:36.765685,2026-05-30 10:21:43.379419,0 days 00:00:06.613734,0.3434320154569611,0.8247455906141486,0.012865454643461845,6,1,350,0.045505909455777004,0.14509425319190972,0.6631018045716961,COMPLETE
34,0.6787732835790531,2026-05-30 10:21:43.380002,2026-05-30 10:21:50.309596,0 days 00:00:06.929594,0.487831040125838,0.8454146673529035,0.020414379651677264,6,1,400,0.017804325095250314,0.14469112702025635,0.7336803295328588,COMPLETE
35,0.6828537683992021,2026-05-30 10:21:50.310333,2026-05-30 10:21:55.098654,0 days 00:00:04.788321,0.4171748807379399,0.9763535473999536,0.013855418285149891,5,1,250,0.2107137316050611,0.24208629272182225,0.6245704463657065,COMPLETE
36,0.7208449386688046,2026-05-30 10:21:55.099193,2026-05-30 10:22:03.347783,0 days 00:00:08.248590,0.33913998457617184,0.7927357291722809,0.01008367584992693,7,1,350,0.04212238632438278,0.3849463419243283,0.7500801488785112,COMPLETE
37,0.7053695975189782,2026-05-30 10:22:03.348378,2026-05-30 10:22:12.218605,0 days 00:00:08.870227,0.3934540210376742,0.9190243611692537,0.015624767988480665,7,1,500,0.03616815027251713,0.49562194982275853,0.7478713086116623,COMPLETE
38,0.6977995760888964,2026-05-30 10:22:12.219175,2026-05-30 10:22:19.887326,0 days 00:00:07.668151,0.4437166870353522,0.8135386659816878,0.012393632194556067,6,2,350,0.010139369328773209,0.4001941883162978,0.5997978765614556,COMPLETE
39,0.6950697460846873,2026-05-30 10:22:19.887897,2026-05-30 10:22:25.921710,0 days 00:00:06.033813,0.3346488315100531,0.9183128932059423,0.026031566303745382,6,1,400,0.04372187384651518,0.18936019602862023,0.6786458160791408,COMPLETE
40,0.6839427724039637,2026-05-30 10:22:25.922352,2026-05-30 10:22:41.549641,0 days 00:00:15.627289,0.8494110935430672,0.7899141619579043,0.01276360277900785,7,2,650,0.02153989189468318,0.3615389510313961,0.5826248856377754,COMPLETE
41,0.7092561769232938,2026-05-30 10:22:41.550256,2026-05-30 10:22:46.502220,0 days 00:00:04.951964,0.33589318764086684,0.7616422302842469,0.010640957075193764,7,3,200,0.21048133224145893,0.13355800745955557,0.7845434555066203,COMPLETE
42,0.7018256566725841,2026-05-30 10:22:46.502825,2026-05-30 10:22:50.800002,0 days 00:00:04.297177,0.384312971613463,0.9281935526825662,0.010239005422010608,7,1,150,0.007329108737809737,0.24442456240972285,0.7651987879926289,COMPLETE
43,0.6959455380347853,2026-05-30 10:22:50.800543,2026-05-30 10:22:56.716298,0 days 00:00:05.915755,0.33252283197216903,0.8512900140736863,0.01572484228770426,5,3,350,0.016381904933497043,0.15505879766142294,0.7093764860276189,COMPLETE
44,0.7142156814637718,2026-05-30 10:22:56.716839,2026-05-30 10:23:04.508515,0 days 00:00:07.791676,0.3058514021711177,0.6837993565268553,0.013686849283624809,8,2,300,0.05468994984485706,0.1979112213021792,0.7984334875701005,COMPLETE
45,0.6737084365227511,2026-05-30 10:23:04.509064,2026-05-30 10:23:15.752802,0 days 00:00:11.243738,0.9899579587124836,0.7053031817586266,0.013231000386148663,7,1,300,0.04079727831889909,0.20356152630905588,0.7404484827753638,COMPLETE
46,0.7064259982361412,2026-05-30 10:23:15.753332,2026-05-30 10:23:23.405867,0 days 00:00:07.652535,0.4285262781121385,0.8080319198108273,0.019662321174353473,6,2,400,0.1692309645440652,0.7521343627719688,0.8037204385062361,COMPLETE
47,0.6962779567622976,2026-05-30 10:23:23.406492,2026-05-30 10:23:27.549077,0 days 00:00:04.142585,0.36744310774215605,0.9010843382996407,0.015102421708046047,4,1,250,0.010571477673552635,0.12658033894714954,0.8498912836560616,COMPLETE
48,0.7083125058576041,2026-05-30 10:23:27.549608,2026-05-30 10:23:38.793734,0 days 00:00:11.244126,0.40363317327240494,0.6850363092098277,0.012373521868814715,8,2,500,0.05605374033501731,0.24761558777125042,0.6866513022465311,COMPLETE
49,0.7003078679554304,2026-05-30 10:23:38.794332,2026-05-30 10:23:45.964114,0 days 00:00:07.169782,0.3367470211741291,0.7452920826707203,0.02296954700730508,9,1,350,0.02645561818980308,0.17341755113687674,0.5461245920164868,COMPLETE
50,0.6962389708275318,2026-05-30 10:23:45.964696,2026-05-30 10:23:53.025659,0 days 00:00:07.060963,0.4828698823005807,0.8326324329869104,0.01616061755111442,8,2,250,0.10636108532215892,0.4603533220497259,0.6487327308474532,COMPLETE
51,0.7123344179211801,2026-05-30 10:23:53.026622,2026-05-30 10:23:58.380129,0 days 00:00:05.353507,0.3052720741308196,0.879648999945185,0.01006969876286463,8,4,200,0.006377052397525799,0.12200179608902902,0.7924697023759054,COMPLETE
52,0.7294714641442382,2026-05-30 10:23:58.380642,2026-05-30 10:24:03.025589,0 days 00:00:04.644947,0.3015570998679088,0.8821652742395314,0.011787104539620962,8,1,150,0.006908813207065061,0.12500570443004055,0.8106532663801314,COMPLETE
53,0.6930079257828731,2026-05-30 10:24:03.026217,2026-05-30 10:24:06.992228,0 days 00:00:03.966011,0.3597412612950884,0.9586096763286035,0.013812273902374937,7,1,150,0.014388754418330908,0.22001617154006442,0.7671350293475372,COMPLETE
54,0.7289211063645953,2026-05-30 10:24:06.992751,2026-05-30 10:24:15.018445,0 days 00:00:08.025694,0.32210964360396277,0.7401462332903238,0.011923605105286053,9,1,300,0.03546717414456872,0.17806718142775435,0.8228388390643807,COMPLETE
55,0.71327456259378,2026-05-30 10:24:15.019295,2026-05-30 10:24:27.426446,0 days 00:00:12.407151,0.3257476912002585,0.750743128469013,0.012038550839970318,9,2,800,0.027842457458263695,0.2837040749982207,0.8205980730202896,COMPLETE
56,0.7081340420931824,2026-05-30 10:24:27.427070,2026-05-30 10:24:35.164961,0 days 00:00:07.737891,0.3578556925157935,0.7140119085219867,0.017635068536419392,9,3,450,0.29606017103788346,0.11722039113990132,0.8956460546143312,COMPLETE
57,0.6874833778094751,2026-05-30 10:24:35.165515,2026-05-30 10:24:39.659875,0 days 00:00:04.494360,0.3168273939358968,0.88236575011648,0.17391761972311015,10,1,750,0.09341056366610533,0.19317238202102724,0.8438722844402681,COMPLETE
58,0.6944892581341005,2026-05-30 10:24:39.660474,2026-05-30 10:24:46.998465,0 days 00:00:07.337991,0.6707255177824187,0.6078108666283557,0.013932854843851006,6,1,300,0.002876178378661461,0.17198282098685735,0.8124480854810749,COMPLETE
59,0.6645066386096925,2026-05-30 10:24:46.999045,2026-05-30 10:24:56.505964,0 days 00:00:09.506919,0.7881915944177192,0.945886968884153,0.011263758738683167,9,9,350,0.04882665530651791,0.3261292599445696,0.8297798206369981,COMPLETE
60,0.6938610403870897,2026-05-30 10:24:56.506562,2026-05-30 10:25:02.187272,0 days 00:00:05.680710,0.39157982389554674,0.673368697817531,0.02665347034289306,8,2,400,1.7042741000389883,0.11680268910214318,0.8884036936822384,COMPLETE
61,0.7141381986636839,2026-05-30 10:25:02.187782,2026-05-30 10:25:14.074501,0 days 00:00:11.886719,0.3263511524433469,0.7414619076448619,0.01200672845080479,9,2,700,0.02856604330683399,0.2682864711019398,0.819087901834479,COMPLETE
62,0.7301852742921786,2026-05-30 10:25:14.075136,2026-05-30 10:25:25.123890,0 days 00:00:11.048754,0.3186589123573672,0.9985210173719838,0.011768776177813849,10,1,700,0.006033475824562556,0.2133774446356742,0.8557783308487372,COMPLETE
63,0.7071666243444774,2026-05-30 10:25:25.124519,2026-05-30 10:25:29.367940,0 days 00:00:04.243421,0.30122428930125356,0.985422813874056,0.08622562644861774,10,1,600,0.005543686221774018,0.21446672354731736,0.8541411986541729,COMPLETE
64,0.7281755007225246,2026-05-30 10:25:29.368428,2026-05-30 10:25:38.100832,0 days 00:00:08.732404,0.35600990896994644,0.7921764611635542,0.016724761693137746,10,1,500,0.010162222015782365,0.10024164171402854,0.9125118464610368,COMPLETE
65,0.7112943480910806,2026-05-30 10:25:38.101354,2026-05-30 10:25:47.427454,0 days 00:00:09.326100,0.4493058955913097,0.7943798162234345,0.016934428497374043,10,1,500,0.001315153849229919,0.10183675356062641,0.9152478085876626,COMPLETE
66,0.7175105454588191,2026-05-30 10:25:47.427995,2026-05-30 10:25:54.688582,0 days 00:00:07.260587,0.35977498937351,0.8727959100515627,0.020548013388720247,10,1,550,0.009216981431224383,0.16503981443090793,0.9592004182905773,COMPLETE
67,0.7228930148379302,2026-05-30 10:25:54.689113,2026-05-30 10:26:02.058471,0 days 00:00:07.369358,0.3653838048446972,0.9980644433494044,0.01950249517998858,10,1,550,0.009347485645905061,0.17048055291969508,0.9693698237793636,COMPLETE
68,0.7132443407348098,2026-05-30 10:26:02.058993,2026-05-30 10:26:07.605706,0 days 00:00:05.546713,0.38202076993038014,0.9962122330134751,0.04014241501686601,10,3,600,0.004150475853909524,0.125283583266291,0.9719825534283573,COMPLETE
69,0.7135296489413703,2026-05-30 10:26:07.606428,2026-05-30 10:26:18.742877,0 days 00:00:11.136449,0.43042925822412,0.93427456636793,0.011399500370244018,10,2,550,0.002648829621311854,0.5831434251870922,0.9535458527239221,COMPLETE
70,0.7175600599566971,2026-05-30 10:26:18.743495,2026-05-30 10:26:27.753841,0 days 00:00:09.010346,0.3983474194963318,0.894794979224271,0.019030367227162753,10,1,650,0.011788987968826048,2.6567175675726387,0.8747129302015924,COMPLETE
71,0.6974516096498793,2026-05-30 10:26:27.754446,2026-05-30 10:26:34.492966,0 days 00:00:06.738520,0.3721024053495787,0.8985428575565133,0.03332733124404572,10,1,650,0.0125015410868756,3.2323989327478104,0.8780837827317952,COMPLETE
72,0.7223592640068417,2026-05-30 10:26:34.493550,2026-05-30 10:26:44.654765,0 days 00:00:10.161215,0.35086986786351615,0.9636031204615053,0.018900612539792232,10,1,750,0.005135075760434569,1.2057563270868017,0.9060291011199186,COMPLETE
73,0.7204325866449566,2026-05-30 10:26:44.655426,2026-05-30 10:27:00.218442,0 days 00:00:15.563016,0.3520327609302477,0.9649067331288999,0.014725188754407032,10,1,700,0.005326594247267154,1.217173283611531,0.9105852714061579,COMPLETE
74,0.7109823135891487,2026-05-30 10:27:00.219189,2026-05-30 10:27:08.705177,0 days 00:00:08.485988,0.322712639692101,0.9543865234741336,0.02245773617205599,9,2,750,0.008371984371681468,1.803871925202268,0.9993971502024495,COMPLETE
75,0.7039619794829778,2026-05-30 10:27:08.705752,2026-05-30 10:27:15.796998,0 days 00:00:07.091246,0.3451040083563459,0.9851737989894745,0.03008503724478778,10,1,750,0.0010966235033177756,0.9740456343789856,0.9400039892323848,COMPLETE
76,0.7193153316368707,2026-05-30 10:27:15.797530,2026-05-30 10:27:26.570603,0 days 00:00:10.773073,0.32217490331171295,0.8637083800397153,0.02452653534406371,9,1,700,0.0030974076620871606,0.8226170259548339,0.9147154716464981,COMPLETE
77,0.7130538591696638,2026-05-30 10:27:26.571159,2026-05-30 10:27:34.866207,0 days 00:00:08.295048,0.3724649655441888,0.9977449108278402,0.011116715072538528,10,1,100,0.018482527309532887,1.3689203837070683,0.8624629746457961,COMPLETE
78,0.715422336580706,2026-05-30 10:27:34.866846,2026-05-30 10:27:45.393253,0 days 00:00:10.526407,0.3933980960311576,0.9179423453304447,0.014015327708590035,9,2,500,0.0022886815643620574,1.069811958634335,0.8878346510072269,COMPLETE
79,0.6822560864897304,2026-05-30 10:27:45.394248,2026-05-30 10:28:08.540643,0 days 00:00:23.146395,0.5386521424269635,0.8514072111276646,0.01678144480984215,10,2,800,0.004277951770219292,1.5796565233453523,0.9492947384840784,COMPLETE
80,0.7119610569470289,2026-05-30 10:28:08.541189,2026-05-30 10:28:31.870202,0 days 00:00:23.329013,0.47083029761629613,0.7764294368208567,0.011064664132988724,10,1,600,0.022531646855486857,0.11164367665188552,0.7579189077442078,COMPLETE
81,0.7206926502609463,2026-05-30 10:28:31.870730,2026-05-30 10:28:53.306275,0 days 00:00:21.435545,0.34720344621730226,0.955861472895441,0.015175051179358736,10,1,700,0.004490843247900383,2.0876860364856342,0.9022861251136807,COMPLETE
82,0.7183860841119027,2026-05-30 10:28:53.307028,2026-05-30 10:29:10.426783,0 days 00:00:17.119755,0.3445165081551813,0.9418017374779419,0.012824904330251468,10,1,750,0.00554850530237506,2.202762393523733,0.9052785115529768,COMPLETE
83,0.7104042013632296,2026-05-30 10:29:10.427428,2026-05-30 10:29:24.834811,0 days 00:00:14.407383,0.41386477838819047,0.9692824710902468,0.01504797509123489,9,1,700,0.00743185689728395,2.149374427245065,0.922815907128454,COMPLETE
84,0.6882498035480771,2026-05-30 10:29:24.835420,2026-05-30 10:29:40.812174,0 days 00:00:15.976754,0.6064831946352601,0.9129715655995951,0.01935338815856267,10,1,750,0.013404131054169124,0.13864689464095434,0.7265461463672291,COMPLETE
85,0.71716457414165,2026-05-30 10:29:40.813008,2026-05-30 10:29:45.906258,0 days 00:00:05.093250,0.3002232819387898,0.829128276534988,0.016600802517816423,10,2,100,0.001503989554879052,0.17718179311857177,0.9380172386026133,COMPLETE
86,0.7141048271647621,2026-05-30 10:29:45.906885,2026-05-30 10:30:09.563722,0 days 00:00:23.656837,0.3204710322580768,0.455853794888737,0.021562215444689663,9,1,550,0.03396647054979272,3.258713075113909,0.8393322342477538,COMPLETE
87,0.63342134247264,2026-05-30 10:30:09.564581,2026-05-30 10:30:19.240604,0 days 00:00:09.676023,0.36531015989839827,0.7995756309886238,0.010005353473587419,3,2,800,0.00926071511035553,0.6955431046231502,0.9824765557570455,COMPLETE
88,0.7159757555299474,2026-05-30 10:30:19.241629,2026-05-30 10:30:41.643711,0 days 00:00:22.402082,0.3379341091035162,0.949982971756437,0.012975977584105356,7,1,450,0.021387487331950745,0.15626130859877352,0.7775042222819863,COMPLETE
89,0.7266529928045149,2026-05-30 10:30:41.644462,2026-05-30 10:30:47.138670,0 days 00:00:05.494208,0.3840946372836598,0.8871310094251641,0.011806181463676922,10,1,150,0.003972046161066319,0.22160384051781604,0.8624675918142497,COMPLETE
90,0.656943631566811,2026-05-30 10:30:47.142127,2026-05-30 10:30:58.004245,0 days 00:00:10.862118,0.37973234992329813,0.05651992417541302,0.011676693316586316,9,2,150,7.660044741988339,0.23556388138253237,0.8571897230144844,COMPLETE
91,0.720121856547588,2026-05-30 10:30:58.004848,2026-05-30 10:31:04.784275,0 days 00:00:06.779427,0.3530185922047186,0.8905215481965654,0.010896261035730808,10,1,150,0.003610071478890003,0.31353435289381093,0.8815130262060972,COMPLETE
