number,value,datetime_start,datetime_complete,duration,params_colsample_bytree,params_gamma,params_learning_rate,params_max_depth,params_min_child_weight,params_n_estimators,params_reg_alpha,params_reg_lambda,params_subsample,state
184,0.7311486082591497,2026-05-30 10:50:28.484949,2026-05-30 10:50:39.728909,0 days 00:00:11.243960,0.3302682261580922,0.811056612067923,0.01554859989604822,10,1,250,0.0029378198554526735,0.26065695449818027,0.9517153855869114,COMPLETE
185,0.6777795904946446,2026-05-30 10:50:39.729537,2026-05-30 10:50:46.324881,0 days 00:00:06.595344,0.636786998240729,0.8701853572933651,0.03593948517431152,10,1,200,0.009032119165823766,0.2877778217630095,0.9168157185501384,COMPLETE
186,0.7306755192443042,2026-05-30 10:50:46.325439,2026-05-30 10:50:54.885132,0 days 00:00:08.559693,0.300916628427458,0.5567263405300288,0.013832598177583954,10,1,150,0.003737834803383318,0.24615598001618338,0.9397489744956807,COMPLETE
187,0.7259145900963473,2026-05-30 10:50:54.885684,2026-05-30 10:51:08.974017,0 days 00:00:14.088333,0.3648988563676503,0.8499374448521513,0.012833287665196242,10,1,200,0.0021275225986708605,0.22239329914893174,0.9035884368907625,COMPLETE
188,0.7272401949614627,2026-05-30 10:51:08.974584,2026-05-30 10:51:21.257959,0 days 00:00:12.283375,0.3434343079737322,0.7926900984922036,0.014403299733516384,10,2,250,0.0060010689243203295,0.49483521627732574,0.9154699038897779,COMPLETE
189,0.7304105702612891,2026-05-30 10:51:21.258554,2026-05-30 10:51:36.778001,0 days 00:00:15.519447,0.31523691399437137,0.7517970558526618,0.011490616102329355,10,1,350,0.0014251977634816295,0.2699010666998021,0.8788845139129204,COMPLETE
190,0.7179058248812272,2026-05-30 10:51:36.778576,2026-05-30 10:51:41.469115,0 days 00:00:04.690539,0.32965638856132706,0.903042842510294,0.05508703190782688,10,1,200,0.0028234892221672575,0.2015023253531751,0.9576221465467617,COMPLETE
191,0.7311885558143428,2026-05-30 10:51:41.469639,2026-05-30 10:51:55.492487,0 days 00:00:14.022848,0.3017473747057019,0.8148297284740981,0.012474726407962744,10,1,250,0.0017996156565055841,0.31088702190476175,0.9278681868380111,COMPLETE
192,0.7324009987319368,2026-05-30 10:51:55.493004,2026-05-30 10:52:05.664078,0 days 00:00:10.171074,0.30009884604884085,0.8325144528388706,0.012061493731220589,10,1,250,0.00196608285595777,0.3341830589795474,0.9271269198578693,COMPLETE
193,0.7352637006847209,2026-05-30 10:52:05.664789,2026-05-30 10:52:18.823424,0 days 00:00:13.158635,0.3130566907491269,0.8355021644632774,0.013431764093599786,10,1,250,0.0035708164405654445,0.38972050936837865,0.9462666557692214,COMPLETE
194,0.733869663586858,2026-05-30 10:52:18.824049,2026-05-30 10:52:29.632699,0 days 00:00:10.808650,0.31351856702232833,0.8319946998451498,0.010744430694747996,10,1,250,0.0011334469145540692,0.3862404406829597,0.9394646133372998,COMPLETE
195,0.7292617516017046,2026-05-30 10:52:29.633486,2026-05-30 10:52:43.925083,0 days 00:00:14.291597,0.31761134591019274,0.8788639650936619,0.010016745197393935,10,1,250,0.0010562090162461782,0.4098418369617873,0.9443748080490214,COMPLETE
196,0.6940657329248822,2026-05-30 10:52:43.925780,2026-05-30 10:52:59.831004,0 days 00:00:15.905224,0.5672421021684853,0.8099807562379285,0.010735936911536126,10,1,300,0.0035781084804189147,0.38806414881387624,0.9348575712108096,COMPLETE
197,0.728655548042817,2026-05-30 10:52:59.831522,2026-05-30 10:53:14.916276,0 days 00:00:15.084754,0.3416831426637075,0.766815559659083,0.013318524816291144,10,1,200,0.0026930526057091244,0.23300698537041614,0.948622720725691,COMPLETE
198,0.7265372054008401,2026-05-30 10:53:14.916858,2026-05-30 10:53:23.843197,0 days 00:00:08.926339,0.31510411561059987,0.8530435718727991,0.011305935462677589,10,1,250,0.0011963815005528804,0.3406295400003054,0.9158232377214068,COMPLETE
199,0.6993022625325526,2026-05-30 10:53:23.843752,2026-05-30 10:53:36.535649,0 days 00:00:12.691897,0.3286770350537701,0.8243011181450086,0.014744187579588997,10,4,200,0.004768526765436115,6.628206596221138,0.896366887617817,COMPLETE
